{
  "stats": {
    "suites": 1,
    "tests": 2,
    "passes": 2,
    "pending": 0,
    "failures": 0,
    "start": "2021-02-02T22:16:41.620Z",
    "end": "2021-02-02T22:17:02.390Z",
    "duration": 20770,
    "testsRegistered": 2,
    "passPercent": 100,
    "pendingPercent": 0,
    "other": 0,
    "hasOther": false,
    "skipped": 0,
    "hasSkipped": false
  },
  "results": [
    {
      "uuid": "1e351fca-ecf0-44cf-9369-e9150b18b8d3",
      "title": "",
      "fullFile": "cypress\\integration\\Scenario.js",
      "file": "cypress\\integration\\Scenario.js",
      "beforeHooks": [],
      "afterHooks": [],
      "tests": [],
      "suites": [
        {
          "uuid": "70d25380-7a72-4a5f-bfc5-98dc4749da92",
          "title": "Scenario 1",
          "fullFile": "",
          "file": "",
          "beforeHooks": [],
          "afterHooks": [],
          "tests": [
            {
              "title": "Create 4 Different Use Cases",
              "fullTitle": "Scenario 1 Create 4 Different Use Cases",
              "timedOut": null,
              "duration": 9953,
              "state": "passed",
              "speed": "slow",
              "pass": true,
              "fail": false,
              "pending": false,
              "context": null,
              "code": "[data.Tests[0]].forEach(function (d) {\n  _useCasesPage[\"default\"].createUseCase(d.testName, d.descIndicator, d.desc, d.expectedResult, d.numOfSteps, d.automatedIndicator, d.step1, d.step2, d.step3, d.step4, d.step5, d.step6);\n  cy.get(_useCasesPage[\"default\"].useCaseContainer).contains(d.testName).click();\n  /**Assertions*/\n  cy.get(_useCasesPage[\"default\"].useCaseAutomatedRadio).invoke('val').then(function (val) {\n    //Assert status of the test\n    expect(val).to.contain(d.automatedIndicator);\n  });\n  _useCasesPage[\"default\"].assertUseCaseSteps(d.testName, d.desc, d.expectedResult, d.step1, d.step2, d.step3, d.step4, d.step5, d.step6); //Assert use case steps\n});",
              "err": {},
              "uuid": "6d2ffaf1-0dcb-4b7d-a4e0-80d7b5fa8c73",
              "parentUUID": "70d25380-7a72-4a5f-bfc5-98dc4749da92",
              "isHook": false,
              "skipped": false
            },
            {
              "title": "Change input fields of some 4 use cases",
              "fullTitle": "Scenario 1 Change input fields of some 4 use cases",
              "timedOut": null,
              "duration": 9310,
              "state": "passed",
              "speed": "slow",
              "pass": true,
              "fail": false,
              "pending": false,
              "context": null,
              "code": "[data.Tests[0]].forEach(function (d) {\n  _useCasesPage[\"default\"].editUseCaseInputFields(d.testName);\n  cy.get(_useCasesPage[\"default\"].useCaseContainer).contains(\"This field previously had \" + d.testName.replace(\" \", \"\").length + \" characters\").click();\n  /**Assertions*/\n  _useCasesPage[\"default\"].assertEditingUseCase();\n});",
              "err": {},
              "uuid": "1d522084-d236-408f-a009-c92ea74e52f7",
              "parentUUID": "70d25380-7a72-4a5f-bfc5-98dc4749da92",
              "isHook": false,
              "skipped": false
            }
          ],
          "suites": [],
          "passes": [
            "6d2ffaf1-0dcb-4b7d-a4e0-80d7b5fa8c73",
            "1d522084-d236-408f-a009-c92ea74e52f7"
          ],
          "failures": [],
          "pending": [],
          "skipped": [],
          "duration": 19263,
          "root": false,
          "rootEmpty": false,
          "_timeout": 2000
        }
      ],
      "passes": [],
      "failures": [],
      "pending": [],
      "skipped": [],
      "duration": 0,
      "root": true,
      "rootEmpty": true,
      "_timeout": 2000
    }
  ],
  "meta": {
    "mocha": {
      "version": "7.0.1"
    },
    "mochawesome": {
      "options": {
        "quiet": false,
        "reportFilename": "mochawesome",
        "saveHtml": false,
        "saveJson": true,
        "consoleReporter": "spec",
        "useInlineDiffs": false,
        "code": true
      },
      "version": "6.2.1"
    },
    "marge": {
      "options": {
        "id": "default",
        "reportDir": "cypress/reports/mocha",
        "quite": true,
        "overwrite": false,
        "html": false,
        "json": true
      },
      "version": "5.1.0"
    }
  }
}