{
  "stats": {
    "suites": 1,
    "tests": 1,
    "passes": 1,
    "pending": 0,
    "failures": 0,
    "start": "2021-02-02T22:16:16.415Z",
    "end": "2021-02-02T22:16:17.496Z",
    "duration": 1081,
    "testsRegistered": 1,
    "passPercent": 100,
    "pendingPercent": 0,
    "other": 0,
    "hasOther": false,
    "skipped": 0,
    "hasSkipped": false
  },
  "results": [
    {
      "uuid": "b2178f7d-afad-4f67-9fc8-ceaf009c1bdd",
      "title": "",
      "fullFile": "cypress\\integration\\api_tests\\CreateEditDeleteUseCase.js",
      "file": "cypress\\integration\\api_tests\\CreateEditDeleteUseCase.js",
      "beforeHooks": [],
      "afterHooks": [],
      "tests": [],
      "suites": [
        {
          "uuid": "c6399a1b-9824-4e1d-a74a-d2d33c8053b8",
          "title": "Create, edit and delete an issue in report section",
          "fullFile": "",
          "file": "",
          "beforeHooks": [],
          "afterHooks": [],
          "tests": [
            {
              "title": "Create, edit and delete use case",
              "fullTitle": "Create, edit and delete an issue in report section Create, edit and delete use case",
              "timedOut": null,
              "duration": 1029,
              "state": "passed",
              "speed": "slow",
              "pass": true,
              "fail": false,
              "pending": false,
              "context": null,
              "code": "_useCaseApis[\"default\"].createAUsecase(data.test_body);\n_useCaseApis[\"default\"].assertCreatedUseCase(data.test_body);\n_useCaseApis[\"default\"].editUseCase(data.test_edit_body);\n_useCaseApis[\"default\"].assertEditedUseCase(data.test_edit_body);\n_useCaseApis[\"default\"].deleteUsecase();\n_useCaseApis[\"default\"].assertDeletedUseCase();",
              "err": {},
              "uuid": "9970f347-4262-4860-8f3d-0034328efa58",
              "parentUUID": "c6399a1b-9824-4e1d-a74a-d2d33c8053b8",
              "isHook": false,
              "skipped": false
            }
          ],
          "suites": [],
          "passes": [
            "9970f347-4262-4860-8f3d-0034328efa58"
          ],
          "failures": [],
          "pending": [],
          "skipped": [],
          "duration": 1029,
          "root": false,
          "rootEmpty": false,
          "_timeout": 2000
        }
      ],
      "passes": [],
      "failures": [],
      "pending": [],
      "skipped": [],
      "duration": 0,
      "root": true,
      "rootEmpty": true,
      "_timeout": 2000
    }
  ],
  "meta": {
    "mocha": {
      "version": "7.0.1"
    },
    "mochawesome": {
      "options": {
        "quiet": false,
        "reportFilename": "mochawesome",
        "saveHtml": false,
        "saveJson": true,
        "consoleReporter": "spec",
        "useInlineDiffs": false,
        "code": true
      },
      "version": "6.2.1"
    },
    "marge": {
      "options": {
        "id": "default",
        "reportDir": "cypress/reports/mocha",
        "quite": true,
        "overwrite": false,
        "html": false,
        "json": true
      },
      "version": "5.1.0"
    }
  }
}